#
# There is insufficient memory for the Java Runtime Environment to continue.
# Native memory allocation (mmap) failed to map 266338304 bytes for Failed to commit area from 0x0000000702000000 to 0x0000000711e00000 of length 266338304.
# Possible reasons:
#   The system is out of physical RAM or swap space
#   The process is running with CompressedOops enabled, and the Java Heap may be blocking the growth of the native heap
# Possible solutions:
#   Reduce memory load on the system
#   Increase physical memory or swap space
#   Check if swap backing store is full
#   Decrease Java heap size (-Xmx/-Xms)
#   Decrease number of Java threads
#   Decrease Java thread stack sizes (-Xss)
#   Set larger code cache with -XX:ReservedCodeCacheSize=
# This output file may be truncated or incomplete.
#
#  Out of Memory Error (./src/hotspot/os/windows/os_windows.cpp:3624), pid=21084, tid=18592
#
# JRE version:  (11.0.14.1+1) (build )
# Java VM: Dynamic Code Evolution 64-Bit Server VM (11.0.14.1+1-b1751.46, mixed mode, sharing, tiered, compressed oops, g1 gc, windows-amd64)
# No core dump will be written. Minidumps are not enabled by default on client versions of Windows
#

---------------  S U M M A R Y ------------

Command Line: git4idea.http.GitAskPassApp Username for 'https://github.com': 

Host: Intel(R) Core(TM) i5-6200U CPU @ 2.30GHz, 4 cores, 15G,  Windows 11 , 64 bit Build 22000 (10.0.22000.675)
Time: Sat May 28 03:45:55 2022 Ô³íëÿíä³ÿ (ë³òî) elapsed time: 0.019281 seconds (0d 0h 0m 0s)

---------------  T H R E A D  ---------------

Current thread (0x000001f6b593c800):  JavaThread "Unknown thread" [_thread_in_vm, id=18592, stack(0x0000004518600000,0x0000004518700000)]

Stack: [0x0000004518600000,0x0000004518700000]
Native frames: (J=compiled Java code, j=interpreted, Vv=VM code, C=native code)
V  [jvm.dll+0x621e6a]
V  [jvm.dll+0x7a8cc0]
V  [jvm.dll+0x7aa2dd]
V  [jvm.dll+0x7aa9b3]
V  [jvm.dll+0x2514c8]
V  [jvm.dll+0x61eee4]
V  [jvm.dll+0x613be5]
V  [jvm.dll+0x31102b]
V  [jvm.dll+0x310f9a]
V  [jvm.dll+0x310e72]
V  [jvm.dll+0x315dc6]
V  [jvm.dll+0x3611d3]
V  [jvm.dll+0x3618d6]
V  [jvm.dll+0x3612d3]
V  [jvm.dll+0x2ea578]
V  [jvm.dll+0x2eb717]
V  [jvm.dll+0x785b47]
V  [jvm.dll+0x78741c]
V  [jvm.dll+0x36e779]
V  [jvm.dll+0x76982e]
V  [jvm.dll+0x3dcdf3]
V  [jvm.dll+0x3df341]
C  [jli.dll+0x536b]
C  [ucrtbase.dll+0x26c0c]
C  [KERNEL32.DLL+0x154e0]
C  [ntdll.dll+0x485b]


---------------  P R O C E S S  ---------------

Threads class SMR info:
_java_thread_list=0x000001f6b3813160, length=0, elements={
}

Java Threads: ( => current thread )

Other Threads:
  0x000001f6b5958800 GCTaskThread "GC Thread#0" [stack: 0x0000004518700000,0x0000004518800000] [id=20828]
  0x000001f6b59b6000 ConcurrentGCThread "G1 Main Marker" [stack: 0x0000004518800000,0x0000004518900000] [id=16564]
  0x000001f6b59b7800 ConcurrentGCThread "G1 Conc#0" [stack: 0x0000004518900000,0x0000004518a00000] [id=17052]

[error occurred during error reporting (printing all threads), id 0xc0000005, EXCEPTION_ACCESS_VIOLATION (0xc0000005) at pc=0x00007ffa12dfb087]

VM state:not at safepoint (not fully initialized)

VM Mutex/Monitor currently owned by a thread:  ([mutex/lock_event])
[0x000001f6b59389f0] Heap_lock - owner thread: 0x000001f6b593c800

Heap address: 0x0000000702000000, size: 4064 MB, Compressed Oops mode: Non-zero based: 0x0000000702000000
Narrow klass base: 0x0000000000000000, Narrow klass shift: 0

GC Heap History (0 events):
No events

Deoptimization events (0 events):
No events

Classes redefined (0 events):
No events

Internal exceptions (0 events):
No events

Events (1 events):
Event: 0.011 Loaded shared library C:\Users\Iryna\AppData\Local\JetBrains\Toolbox\apps\Rider\ch-0\213.7172.34\jbr\bin\zip.dll


Dynamic libraries:
0x00007ff6cae10000 - 0x00007ff6cae1a000 	C:\Users\Iryna\AppData\Local\JetBrains\Toolbox\apps\Rider\ch-0\213.7172.34\jbr\bin\java.exe
0x00007ffa4c0e0000 - 0x00007ffa4c2e9000 	C:\Windows\SYSTEM32\ntdll.dll
0x00007ffa4afb0000 - 0x00007ffa4b06d000 	C:\Windows\System32\KERNEL32.DLL
0x00007ffa49ae0000 - 0x00007ffa49e59000 	C:\Windows\System32\KERNELBASE.dll
0x00007ffa49e60000 - 0x00007ffa49f71000 	C:\Windows\System32\ucrtbase.dll
0x00007ff9f8e00000 - 0x00007ff9f8e19000 	C:\Users\Iryna\AppData\Local\JetBrains\Toolbox\apps\Rider\ch-0\213.7172.34\jbr\bin\jli.dll
0x00007ffa4b420000 - 0x00007ffa4b5cc000 	C:\Windows\System32\USER32.dll
0x00007ffa49ab0000 - 0x00007ffa49ad6000 	C:\Windows\System32\win32u.dll
0x00007ffa4b260000 - 0x00007ffa4b289000 	C:\Windows\System32\GDI32.dll
0x00007ffa496e0000 - 0x00007ffa497f2000 	C:\Windows\System32\gdi32full.dll
0x00007ffa49640000 - 0x00007ffa496dd000 	C:\Windows\System32\msvcp_win.dll
0x00007ff9f07a0000 - 0x00007ff9f07b6000 	C:\Users\Iryna\AppData\Local\JetBrains\Toolbox\apps\Rider\ch-0\213.7172.34\jbr\bin\VCRUNTIME140.dll
0x00007ffa3bd00000 - 0x00007ffa3bfa5000 	C:\Windows\WinSxS\amd64_microsoft.windows.common-controls_6595b64144ccf1df_6.0.22000.120_none_9d947278b86cc467\COMCTL32.dll
0x00007ffa4b140000 - 0x00007ffa4b1e3000 	C:\Windows\System32\msvcrt.dll
0x00007ffa4a160000 - 0x00007ffa4a191000 	C:\Windows\System32\IMM32.DLL
0x00007ff9ee1e0000 - 0x00007ff9ee28a000 	C:\Users\Iryna\AppData\Local\JetBrains\Toolbox\apps\Rider\ch-0\213.7172.34\jbr\bin\msvcp140.dll
0x00007ffa12b00000 - 0x00007ffa1368a000 	C:\Users\Iryna\AppData\Local\JetBrains\Toolbox\apps\Rider\ch-0\213.7172.34\jbr\bin\server\jvm.dll
0x00007ffa4bff0000 - 0x00007ffa4c09e000 	C:\Windows\System32\ADVAPI32.dll
0x00007ffa4ae50000 - 0x00007ffa4aeee000 	C:\Windows\System32\sechost.dll
0x00007ffa4bb20000 - 0x00007ffa4bc40000 	C:\Windows\System32\RPCRT4.dll
0x00007ffa4b290000 - 0x00007ffa4b298000 	C:\Windows\System32\PSAPI.DLL
0x00007ffa3bfc0000 - 0x00007ffa3bfc9000 	C:\Windows\SYSTEM32\WSOCK32.dll
0x00007ffa4b070000 - 0x00007ffa4b0df000 	C:\Windows\System32\WS2_32.dll
0x00007ffa45050000 - 0x00007ffa45083000 	C:\Windows\SYSTEM32\WINMM.dll
0x00007ffa42d80000 - 0x00007ffa42d8a000 	C:\Windows\SYSTEM32\VERSION.dll
0x00007ffa48690000 - 0x00007ffa486a8000 	C:\Windows\SYSTEM32\kernel.appcore.dll
0x00007ffa3b050000 - 0x00007ffa3b061000 	C:\Users\Iryna\AppData\Local\JetBrains\Toolbox\apps\Rider\ch-0\213.7172.34\jbr\bin\verify.dll
0x00007ffa47340000 - 0x00007ffa47561000 	C:\Windows\SYSTEM32\DBGHELP.DLL
0x00007ffa43ec0000 - 0x00007ffa43ef1000 	C:\Windows\SYSTEM32\dbgcore.DLL
0x00007ffa49800000 - 0x00007ffa4987f000 	C:\Windows\System32\bcryptPrimitives.dll
0x00007ffa3aff0000 - 0x00007ffa3b019000 	C:\Users\Iryna\AppData\Local\JetBrains\Toolbox\apps\Rider\ch-0\213.7172.34\jbr\bin\java.dll
0x00007ffa44a90000 - 0x00007ffa44a9b000 	C:\Users\Iryna\AppData\Local\JetBrains\Toolbox\apps\Rider\ch-0\213.7172.34\jbr\bin\jimage.dll
0x00007ffa38f20000 - 0x00007ffa38f39000 	C:\Users\Iryna\AppData\Local\JetBrains\Toolbox\apps\Rider\ch-0\213.7172.34\jbr\bin\zip.dll

dbghelp: loaded successfully - version: 4.0.5 - missing functions: none
symbol engine: initialized successfully - sym options: 0x614 - pdb path: .;C:\Users\Iryna\AppData\Local\JetBrains\Toolbox\apps\Rider\ch-0\213.7172.34\jbr\bin;C:\Windows\SYSTEM32;C:\Windows\WinSxS\amd64_microsoft.windows.common-controls_6595b64144ccf1df_6.0.22000.120_none_9d947278b86cc467;C:\Users\Iryna\AppData\Local\JetBrains\Toolbox\apps\Rider\ch-0\213.7172.34\jbr\bin\server

VM Arguments:
java_command: git4idea.http.GitAskPassApp Username for 'https://github.com': 
java_class_path (initial): C:/Users/Iryna/AppData/Local/JetBrains/Toolbox/apps/Rider/ch-0/213.7172.34/plugins/git4idea/lib/git4idea-rt.jar;C:/Users/Iryna/AppData/Local/JetBrains/Toolbox/apps/Rider/ch-0/213.7172.34/lib/3rd-party.jar;C:/Users/Iryna/AppData/Local/JetBrains/Toolbox/apps/Rider/ch-0/213.7172.34/lib/3rd-party-rt.jar
Launcher Type: SUN_STANDARD

[Global flags]
     intx CICompilerCount                          = 3                                         {product} {ergonomic}
     uint ConcGCThreads                            = 1                                         {product} {ergonomic}
     uint G1ConcRefinementThreads                  = 4                                         {product} {ergonomic}
   size_t G1HeapRegionSize                         = 1048576                                   {product} {ergonomic}
    uintx GCDrainStackTargetSize                   = 64                                        {product} {ergonomic}
   size_t InitialHeapSize                          = 266338304                                 {product} {ergonomic}
   size_t MarkStackSize                            = 4194304                                   {product} {ergonomic}
   size_t MaxHeapSize                              = 4261412864                                {product} {ergonomic}
   size_t MinHeapDeltaBytes                        = 1048576                                   {product} {ergonomic}
    uintx NonNMethodCodeHeapSize                   = 5830732                                {pd product} {ergonomic}
    uintx NonProfiledCodeHeapSize                  = 122913754                              {pd product} {ergonomic}
    uintx ProfiledCodeHeapSize                     = 122913754                              {pd product} {ergonomic}
    uintx ReservedCodeCacheSize                    = 251658240                              {pd product} {ergonomic}
     bool SegmentedCodeCache                       = true                                      {product} {ergonomic}
     bool UseCompressedClassPointers               = true                                 {lp64_product} {ergonomic}
     bool UseCompressedOops                        = true                                 {lp64_product} {ergonomic}
     bool UseG1GC                                  = true                                      {product} {ergonomic}
     bool UseLargePagesIndividualAllocation        = false                                  {pd product} {ergonomic}

Logging:
Log output configuration:
 #0: stdout all=warning uptime,level,tags
 #1: stderr all=off uptime,level,tags

Environment Variables:
PATH=C:/Program Files/Git/mingw64/libexec/git-core;C:/Program Files/Git/mingw64/libexec/git-core;C:\Program Files\Git\mingw64\bin;C:\Program Files\Git\usr\bin;C:\Users\Iryna\bin;C:\Windows\system32;C:\Windows;C:\Windows\System32\Wbem;C:\Windows\System32\WindowsPowerShell\v1.0\;C:\Windows\System32\OpenSSH\;C:\Program Files\swipl\bin;C:\Program Files\Git\cmd;C:\Program Files\dotnet\;C:\Program Files (x86)\dotnet\;C:\Program Files\Docker\Docker\resources\bin;C:\ProgramData\DockerDesktop\version-bin;C:\Users\Iryna\AppData\Local\Microsoft\WindowsApps;C:\Users\Iryna\.dotnet\tools
USERNAME=Iryna
DISPLAY=:0.0
LC_ALL=en_US.UTF-8
OS=Windows_NT
PROCESSOR_IDENTIFIER=Intel64 Family 6 Model 78 Stepping 3, GenuineIntel



---------------  S Y S T E M  ---------------

OS: Windows 11 , 64 bit Build 22000 (10.0.22000.675)
OS uptime: 14 days 15:37 hours
Hyper-V role detected

CPU:total 4 (initial active 4) (2 cores per cpu, 2 threads per core) family 6 model 78 stepping 3 microcode 0xec, cmov, cx8, fxsr, mmx, sse, sse2, sse3, ssse3, sse4.1, sse4.2, popcnt, avx, avx2, aes, clmul, erms, 3dnowpref, lzcnt, ht, tsc, tscinvbit, bmi1, bmi2, adx, fma

Memory: 4k page, system-wide physical 16249M (1469M free)
TotalPageFile size 16249M (AvailPageFile size 241M)
current process WorkingSet (physical memory assigned to process): 10M, peak: 10M
current process commit charge ("private bytes"): 52M, peak: 306M

vm_info: Dynamic Code Evolution 64-Bit Server VM (11.0.14.1+1-b1751.46) for windows-amd64 JRE (11.0.14.1+1-b1751.46), built on Feb 21 2022 14:51:12 by "" with MS VC++ 14.0 (VS2015)

END.
